@!@!@STARTMSG 2262:0 @!@!@
TLC2 Version 2.16 of 31 December 2020 (rev: cdddf55)
@!@!@ENDMSG 2262 @!@!@
@!@!@STARTMSG 2187:0 @!@!@
Running breadth-first search Model-Checking with fp 20 and seed 5309220096149324917 with 2 workers on 4 cores with 604MB heap and 1355MB offheap memory [pid: 4672] (Windows 10 10.0 amd64, AdoptOpenJDK 14.0.1 x86_64, OffHeapDiskFPSet, DiskStateQueue).
@!@!@ENDMSG 2187 @!@!@
@!@!@STARTMSG 2220:0 @!@!@
Starting SANY...
@!@!@ENDMSG 2220 @!@!@
Parsing file C:\Users\micha\Documents\Github\TLAPlus\TLAPlus\LoadLevellingOneInstance\LoadLevellingOneInstance.toolbox\LoadLevellingOneInstance\MC.tla
Parsing file C:\Users\micha\Documents\Github\TLAPlus\TLAPlus\LoadLevellingOneInstance\LoadLevellingOneInstance.toolbox\LoadLevellingOneInstance\LoadLevellingOneInstance.tla
Parsing file C:\Users\micha\Documents\Github\TLAPlus\toolbox\plugins\org.lamport.tlatools_1.0.0.202012311918\tla2sany\StandardModules\TLC.tla
Parsing file C:\Users\micha\Documents\Github\TLAPlus\toolbox\plugins\org.lamport.tlatools_1.0.0.202012311918\tla2sany\StandardModules\Integers.tla
Parsing file C:\Users\micha\Documents\Github\TLAPlus\toolbox\plugins\org.lamport.tlatools_1.0.0.202012311918\tla2sany\StandardModules\Naturals.tla
Parsing file C:\Users\micha\Documents\Github\TLAPlus\toolbox\plugins\org.lamport.tlatools_1.0.0.202012311918\tla2sany\StandardModules\Sequences.tla
Parsing file C:\Users\micha\Documents\Github\TLAPlus\toolbox\plugins\org.lamport.tlatools_1.0.0.202012311918\tla2sany\StandardModules\FiniteSets.tla
Semantic processing of module Naturals
Semantic processing of module Sequences
Semantic processing of module FiniteSets
Semantic processing of module TLC
Semantic processing of module Integers
Semantic processing of module LoadLevellingOneInstance
Semantic processing of module MC
@!@!@STARTMSG 2219:0 @!@!@
SANY finished.
@!@!@ENDMSG 2219 @!@!@
@!@!@STARTMSG 2185:0 @!@!@
Starting... (2023-02-13 22:11:31)
@!@!@ENDMSG 2185 @!@!@
@!@!@STARTMSG 2189:0 @!@!@
Computing initial states...
@!@!@ENDMSG 2189 @!@!@
@!@!@STARTMSG 2190:0 @!@!@
Finished computing initial states: 1 distinct state generated at 2023-02-13 22:11:32.
@!@!@ENDMSG 2190 @!@!@
@!@!@STARTMSG 2110:1 @!@!@
Invariant BelowGsLimit is violated.
@!@!@ENDMSG 2110 @!@!@
@!@!@STARTMSG 2121:1 @!@!@
The behavior up to this point is:
@!@!@ENDMSG 2121 @!@!@
@!@!@STARTMSG 2217:4 @!@!@
1: <Initial predicate>
/\ State = "Ready"
/\ ActionCount = 0
/\ GsCalls = 0
/\ GsLimit = 5
/\ IterationLimit = 100
/\ CacheCount = 0
/\ pc = "Iterate"

@!@!@ENDMSG 2217 @!@!@
@!@!@STARTMSG 2217:4 @!@!@
2: <Iterate line 74, col 12 to line 107, col 53 of module LoadLevellingOneInstance>
/\ State = "ReadingCache"
/\ ActionCount = 1
/\ GsCalls = 1
/\ GsLimit = 5
/\ IterationLimit = 100
/\ CacheCount = 0
/\ pc = "Iterate"

@!@!@ENDMSG 2217 @!@!@
@!@!@STARTMSG 2217:4 @!@!@
3: <Iterate line 74, col 12 to line 107, col 53 of module LoadLevellingOneInstance>
/\ State = "WritingCache"
/\ ActionCount = 2
/\ GsCalls = 1
/\ GsLimit = 5
/\ IterationLimit = 100
/\ CacheCount = 0
/\ pc = "Iterate"

@!@!@ENDMSG 2217 @!@!@
@!@!@STARTMSG 2217:4 @!@!@
4: <Iterate line 74, col 12 to line 107, col 53 of module LoadLevellingOneInstance>
/\ State = "CallingGs"
/\ ActionCount = 3
/\ GsCalls = 1
/\ GsLimit = 5
/\ IterationLimit = 100
/\ CacheCount = 1
/\ pc = "Iterate"

@!@!@ENDMSG 2217 @!@!@
@!@!@STARTMSG 2217:4 @!@!@
5: <Iterate line 74, col 12 to line 107, col 53 of module LoadLevellingOneInstance>
/\ State = "Ready"
/\ ActionCount = 4
/\ GsCalls = 2
/\ GsLimit = 5
/\ IterationLimit = 100
/\ CacheCount = 1
/\ pc = "Iterate"

@!@!@ENDMSG 2217 @!@!@
@!@!@STARTMSG 2217:4 @!@!@
6: <Iterate line 74, col 12 to line 107, col 53 of module LoadLevellingOneInstance>
/\ State = "ReadingCache"
/\ ActionCount = 5
/\ GsCalls = 3
/\ GsLimit = 5
/\ IterationLimit = 100
/\ CacheCount = 1
/\ pc = "Iterate"

@!@!@ENDMSG 2217 @!@!@
@!@!@STARTMSG 2217:4 @!@!@
7: <Iterate line 74, col 12 to line 107, col 53 of module LoadLevellingOneInstance>
/\ State = "WritingCache"
/\ ActionCount = 6
/\ GsCalls = 3
/\ GsLimit = 5
/\ IterationLimit = 100
/\ CacheCount = 1
/\ pc = "Iterate"

@!@!@ENDMSG 2217 @!@!@
@!@!@STARTMSG 2217:4 @!@!@
8: <Iterate line 74, col 12 to line 107, col 53 of module LoadLevellingOneInstance>
/\ State = "CallingGs"
/\ ActionCount = 7
/\ GsCalls = 3
/\ GsLimit = 5
/\ IterationLimit = 100
/\ CacheCount = 2
/\ pc = "Iterate"

@!@!@ENDMSG 2217 @!@!@
@!@!@STARTMSG 2217:4 @!@!@
9: <Iterate line 74, col 12 to line 107, col 53 of module LoadLevellingOneInstance>
/\ State = "Ready"
/\ ActionCount = 8
/\ GsCalls = 4
/\ GsLimit = 5
/\ IterationLimit = 100
/\ CacheCount = 2
/\ pc = "Iterate"

@!@!@ENDMSG 2217 @!@!@
@!@!@STARTMSG 2217:4 @!@!@
10: <Iterate line 74, col 12 to line 107, col 53 of module LoadLevellingOneInstance>
/\ State = "ReadingCache"
/\ ActionCount = 9
/\ GsCalls = 5
/\ GsLimit = 5
/\ IterationLimit = 100
/\ CacheCount = 2
/\ pc = "Iterate"

@!@!@ENDMSG 2217 @!@!@
@!@!@STARTMSG 2217:4 @!@!@
11: <Iterate line 74, col 12 to line 107, col 53 of module LoadLevellingOneInstance>
/\ State = "WritingCache"
/\ ActionCount = 10
/\ GsCalls = 5
/\ GsLimit = 5
/\ IterationLimit = 100
/\ CacheCount = 2
/\ pc = "Iterate"

@!@!@ENDMSG 2217 @!@!@
@!@!@STARTMSG 2217:4 @!@!@
12: <Iterate line 74, col 12 to line 107, col 53 of module LoadLevellingOneInstance>
/\ State = "CallingGs"
/\ ActionCount = 11
/\ GsCalls = 5
/\ GsLimit = 5
/\ IterationLimit = 100
/\ CacheCount = 3
/\ pc = "Iterate"

@!@!@ENDMSG 2217 @!@!@
@!@!@STARTMSG 2217:4 @!@!@
13: <Iterate line 74, col 12 to line 107, col 53 of module LoadLevellingOneInstance>
/\ State = "Ready"
/\ ActionCount = 12
/\ GsCalls = 6
/\ GsLimit = 5
/\ IterationLimit = 100
/\ CacheCount = 3
/\ pc = "Iterate"

@!@!@ENDMSG 2217 @!@!@
@!@!@STARTMSG 2201:0 @!@!@
The coverage statistics at 2023-02-13 22:11:32
@!@!@ENDMSG 2201 @!@!@
@!@!@STARTMSG 2773:0 @!@!@
<Init line 65, col 1 to line 65, col 4 of module LoadLevellingOneInstance>: 2:2
@!@!@ENDMSG 2773 @!@!@
@!@!@STARTMSG 2221:0 @!@!@
  line 66, col 9 to line 72, col 25 of module LoadLevellingOneInstance: 2
@!@!@ENDMSG 2221 @!@!@
@!@!@STARTMSG 2772:0 @!@!@
<Iterate line 74, col 1 to line 74, col 7 of module LoadLevellingOneInstance>: 12:24
@!@!@ENDMSG 2772 @!@!@
@!@!@STARTMSG 2221:0 @!@!@
  line 74, col 15 to line 74, col 28 of module LoadLevellingOneInstance: 47
@!@!@ENDMSG 2221 @!@!@
@!@!@STARTMSG 2221:0 @!@!@
  |line 74, col 15 to line 74, col 16 of module LoadLevellingOneInstance: 24
@!@!@ENDMSG 2221 @!@!@
@!@!@STARTMSG 2221:0 @!@!@
  line 75, col 18 to line 75, col 35 of module LoadLevellingOneInstance: 24
@!@!@ENDMSG 2221 @!@!@
@!@!@STARTMSG 2221:0 @!@!@
  line 76, col 29 to line 76, col 43 of module LoadLevellingOneInstance: 24
@!@!@ENDMSG 2221 @!@!@
@!@!@STARTMSG 2221:0 @!@!@
  line 77, col 37 to line 77, col 58 of module LoadLevellingOneInstance: 6
@!@!@ENDMSG 2221 @!@!@
@!@!@STARTMSG 2221:0 @!@!@
  line 78, col 37 to line 78, col 59 of module LoadLevellingOneInstance: 6
@!@!@ENDMSG 2221 @!@!@
@!@!@STARTMSG 2221:0 @!@!@
  line 79, col 37 to line 79, col 66 of module LoadLevellingOneInstance: 6
@!@!@ENDMSG 2221 @!@!@
@!@!@STARTMSG 2221:0 @!@!@
  line 80, col 37 to line 80, col 56 of module LoadLevellingOneInstance: 6
@!@!@ENDMSG 2221 @!@!@
@!@!@STARTMSG 2221:0 @!@!@
  line 81, col 40 to line 81, col 85 of module LoadLevellingOneInstance: 18
@!@!@ENDMSG 2221 @!@!@
@!@!@STARTMSG 2221:0 @!@!@
  |line 81, col 40 to line 81, col 61 of module LoadLevellingOneInstance: 18
@!@!@ENDMSG 2221 @!@!@
@!@!@STARTMSG 2221:0 @!@!@
  |line 81, col 66 to line 81, col 85 of module LoadLevellingOneInstance: 6
@!@!@ENDMSG 2221 @!@!@
@!@!@STARTMSG 2221:0 @!@!@
  line 82, col 48 to line 82, col 70 of module LoadLevellingOneInstance: 6
@!@!@ENDMSG 2221 @!@!@
@!@!@STARTMSG 2221:0 @!@!@
  line 83, col 48 to line 83, col 77 of module LoadLevellingOneInstance: 6
@!@!@ENDMSG 2221 @!@!@
@!@!@STARTMSG 2221:0 @!@!@
  line 84, col 48 to line 85, col 73 of module LoadLevellingOneInstance: 6
@!@!@ENDMSG 2221 @!@!@
@!@!@STARTMSG 2221:0 @!@!@
  line 86, col 51 to line 86, col 97 of module LoadLevellingOneInstance: 12
@!@!@ENDMSG 2221 @!@!@
@!@!@STARTMSG 2221:0 @!@!@
  line 87, col 59 to line 87, col 74 of module LoadLevellingOneInstance: 0
@!@!@ENDMSG 2221 @!@!@
@!@!@STARTMSG 2221:0 @!@!@
  line 88, col 59 to line 88, col 88 of module LoadLevellingOneInstance: 0
@!@!@ENDMSG 2221 @!@!@
@!@!@STARTMSG 2221:0 @!@!@
  line 89, col 59 to line 90, col 84 of module LoadLevellingOneInstance: 0
@!@!@ENDMSG 2221 @!@!@
@!@!@STARTMSG 2221:0 @!@!@
  line 91, col 62 to line 91, col 83 of module LoadLevellingOneInstance: 12
@!@!@ENDMSG 2221 @!@!@
@!@!@STARTMSG 2221:0 @!@!@
  line 92, col 70 to line 92, col 89 of module LoadLevellingOneInstance: 6
@!@!@ENDMSG 2221 @!@!@
@!@!@STARTMSG 2221:0 @!@!@
  line 93, col 70 to line 93, col 97 of module LoadLevellingOneInstance: 6
@!@!@ENDMSG 2221 @!@!@
@!@!@STARTMSG 2221:0 @!@!@
  line 94, col 70 to line 94, col 99 of module LoadLevellingOneInstance: 6
@!@!@ENDMSG 2221 @!@!@
@!@!@STARTMSG 2221:0 @!@!@
  line 95, col 70 to line 95, col 86 of module LoadLevellingOneInstance: 6
@!@!@ENDMSG 2221 @!@!@
@!@!@STARTMSG 2221:0 @!@!@
  line 96, col 73 to line 96, col 91 of module LoadLevellingOneInstance: 6
@!@!@ENDMSG 2221 @!@!@
@!@!@STARTMSG 2221:0 @!@!@
  line 97, col 81 to line 97, col 96 of module LoadLevellingOneInstance: 5
@!@!@ENDMSG 2221 @!@!@
@!@!@STARTMSG 2221:0 @!@!@
  line 98, col 81 to line 98, col 102 of module LoadLevellingOneInstance: 5
@!@!@ENDMSG 2221 @!@!@
@!@!@STARTMSG 2221:0 @!@!@
  |line 98, col 92 to line 98, col 102 of module LoadLevellingOneInstance: 6
@!@!@ENDMSG 2221 @!@!@
@!@!@STARTMSG 2221:0 @!@!@
  line 99, col 81 to line 99, col 110 of module LoadLevellingOneInstance: 5
@!@!@ENDMSG 2221 @!@!@
@!@!@STARTMSG 2221:0 @!@!@
  |line 99, col 96 to line 99, col 110 of module LoadLevellingOneInstance: 6
@!@!@ENDMSG 2221 @!@!@
@!@!@STARTMSG 2221:0 @!@!@
  line 100, col 81 to line 100, col 96 of module LoadLevellingOneInstance: 0
@!@!@ENDMSG 2221 @!@!@
@!@!@STARTMSG 2221:0 @!@!@
  line 101, col 81 to line 102, col 107 of module LoadLevellingOneInstance: 0
@!@!@ENDMSG 2221 @!@!@
@!@!@STARTMSG 2221:0 @!@!@
  line 103, col 70 to line 103, col 89 of module LoadLevellingOneInstance: 5
@!@!@ENDMSG 2221 @!@!@
@!@!@STARTMSG 2221:0 @!@!@
  line 104, col 26 to line 104, col 40 of module LoadLevellingOneInstance: 23
@!@!@ENDMSG 2221 @!@!@
@!@!@STARTMSG 2221:0 @!@!@
  line 105, col 26 to line 105, col 37 of module LoadLevellingOneInstance: 0
@!@!@ENDMSG 2221 @!@!@
@!@!@STARTMSG 2221:0 @!@!@
  line 106, col 26 to line 106, col 80 of module LoadLevellingOneInstance: 0
@!@!@ENDMSG 2221 @!@!@
@!@!@STARTMSG 2221:0 @!@!@
  line 107, col 15 to line 107, col 53 of module LoadLevellingOneInstance: 23
@!@!@ENDMSG 2221 @!@!@
@!@!@STARTMSG 2772:0 @!@!@
<Terminating line 110, col 1 to line 110, col 11 of module LoadLevellingOneInstance>: 0:0
@!@!@ENDMSG 2772 @!@!@
@!@!@STARTMSG 2221:0 @!@!@
  line 110, col 16 to line 110, col 26 of module LoadLevellingOneInstance: 11
@!@!@ENDMSG 2221 @!@!@
@!@!@STARTMSG 2221:0 @!@!@
  line 110, col 31 to line 110, col 44 of module LoadLevellingOneInstance: 0
@!@!@ENDMSG 2221 @!@!@
@!@!@STARTMSG 2774:0 @!@!@
<BelowGsLimit line 58, col 1 to line 58, col 12 of module LoadLevellingOneInstance>
@!@!@ENDMSG 2774 @!@!@
@!@!@STARTMSG 2221:0 @!@!@
  line 59, col 5 to line 59, col 22 of module LoadLevellingOneInstance: 13
@!@!@ENDMSG 2221 @!@!@
@!@!@STARTMSG 2202:0 @!@!@
End of statistics.
@!@!@ENDMSG 2202 @!@!@
@!@!@STARTMSG 2200:0 @!@!@
Progress(13) at 2023-02-13 22:11:32: 13 states generated (560 s/min), 13 distinct states found (560 ds/min), 0 states left on queue.
@!@!@ENDMSG 2200 @!@!@
@!@!@STARTMSG 2199:0 @!@!@
13 states generated, 13 distinct states found, 0 states left on queue.
@!@!@ENDMSG 2199 @!@!@
@!@!@STARTMSG 2194:0 @!@!@
The depth of the complete state graph search is 13.
@!@!@ENDMSG 2194 @!@!@
@!@!@STARTMSG 2268:0 @!@!@
The average outdegree of the complete state graph is 1 (minimum is 1, the maximum 1 and the 95th percentile is 1).
@!@!@ENDMSG 2268 @!@!@
@!@!@STARTMSG 2186:0 @!@!@
Finished in 1400ms at (2023-02-13 22:11:32)
@!@!@ENDMSG 2186 @!@!@
